\BOOKMARK [1][-]{section.1}{Introduction}{}% 1
\BOOKMARK [2][-]{subsection.1.1}{Summary of results}{section.1}% 2
\BOOKMARK [3][-]{subsubsection.1.1.1}{Quantum encryption}{subsection.1.1}% 3
\BOOKMARK [3][-]{subsubsection.1.1.2}{Quantum black-box obfuscation}{subsection.1.1}% 4
\BOOKMARK [3][-]{subsubsection.1.1.3}{Quantum indistinguishability obfuscation}{subsection.1.1}% 5
\BOOKMARK [1][-]{section.2}{Quantum encryption}{}% 6
\BOOKMARK [2][-]{subsection.2.1}{Quantum-secure pseudorandomness}{section.2}% 7
\BOOKMARK [2][-]{subsection.2.2}{Symmetric-key encryption of quantum states}{section.2}% 8
\BOOKMARK [1][-]{section.3}{Quantum black-box obfuscation}{}% 9
\BOOKMARK [2][-]{subsection.3.1}{Definitions}{section.3}% 10
\BOOKMARK [2][-]{subsection.3.2}{Applications}{section.3}% 11
\BOOKMARK [3][-]{subsubsection.3.2.1}{Quantum-secure one-way functions}{subsection.3.2}% 12
\BOOKMARK [3][-]{subsubsection.3.2.2}{CPA-secure private-key quantum encryption}{subsection.3.2}% 13
\BOOKMARK [3][-]{subsubsection.3.2.3}{Public-key encryption from private-key encryption}{subsection.3.2}% 14
\BOOKMARK [3][-]{subsubsection.3.2.4}{Quantum fully homomorphic encryption}{subsection.3.2}% 15
\BOOKMARK [3][-]{subsubsection.3.2.5}{Public-key quantum money}{subsection.3.2}% 16
\BOOKMARK [2][-]{subsection.3.3}{Impossibility results}{section.3}% 17
\BOOKMARK [3][-]{subsubsection.3.3.1}{Impossibility of two-circuit obfuscation}{subsection.3.3}% 18
\BOOKMARK [3][-]{subsubsection.3.3.2}{Impossibility of obfuscation for cloneable outputs}{subsection.3.3}% 19
\BOOKMARK [1][-]{section.4}{Quantum indistinguishability obfuscation}{}% 20
\BOOKMARK [2][-]{subsection.4.1}{Definitions}{section.4}% 21
\BOOKMARK [2][-]{subsection.4.2}{Applications}{section.4}% 22
\BOOKMARK [2][-]{subsection.4.3}{Equivalence of indistinguishability and best-possible}{section.4}% 23
\BOOKMARK [2][-]{subsection.4.4}{Impossibility of statistical obfuscators}{section.4}% 24
\BOOKMARK [1][-]{section.5}{Discussion}{}% 25
