\BOOKMARK [1][-]{section.1}{Preliminaries}{}% 1
\BOOKMARK [2][-]{subsection.1.1}{Notation etc.}{section.1}% 2
\BOOKMARK [2][-]{subsection.1.2}{Probabilistic and quantum algorithms}{section.1}% 3
\BOOKMARK [1][-]{section.2}{Black-box obfuscation}{}% 4
\BOOKMARK [2][-]{subsection.2.1}{Definitions}{section.2}% 5
\BOOKMARK [2][-]{subsection.2.2}{Applications}{section.2}% 6
\BOOKMARK [3][-]{subsubsection.2.2.1}{Quantum-secure one-way functions}{subsection.2.2}% 7
\BOOKMARK [3][-]{subsubsection.2.2.2}{Plaintext-secure private-key quantum encryption}{subsection.2.2}% 8
\BOOKMARK [3][-]{subsubsection.2.2.3}{Public-key encryption from private-key encryption}{subsection.2.2}% 9
\BOOKMARK [3][-]{subsubsection.2.2.4}{Fully homomorphic encryption from public-key encryption}{subsection.2.2}% 10
\BOOKMARK [3][-]{subsubsection.2.2.5}{Quantum money}{subsection.2.2}% 11
\BOOKMARK [2][-]{subsection.2.3}{Some impossibility results}{section.2}% 12
\BOOKMARK [3][-]{subsubsection.2.3.1}{Impossibility of two-circuit obfuscation}{subsection.2.3}% 13
\BOOKMARK [3][-]{subsubsection.2.3.2}{Impossibility of obfuscation for cloneable outputs}{subsection.2.3}% 14
\BOOKMARK [1][-]{section.3}{Quantum indistinguishability obfuscation}{}% 15
\BOOKMARK [2][-]{subsection.3.1}{Definitions}{section.3}% 16
\BOOKMARK [2][-]{subsection.3.2}{Equivalence of indistinguishability and best-possible}{section.3}% 17
\BOOKMARK [2][-]{subsection.3.3}{Impossibility of statistical obfuscators}{section.3}% 18
\BOOKMARK [1][-]{section.4}{[OLD NOTES]}{}% 19
\BOOKMARK [2][-]{subsection.4.1}{Preliminaries}{section.4}% 20
\BOOKMARK [2][-]{subsection.4.2}{Black-box Quantum circuit obfuscation}{section.4}% 21
\BOOKMARK [2][-]{subsection.4.3}{Best-possible}{section.4}% 22
\BOOKMARK [2][-]{subsection.4.4}{Indistinguishability}{section.4}% 23
\BOOKMARK [2][-]{subsection.4.5}{Relationships between the definitions}{section.4}% 24
\BOOKMARK [2][-]{subsection.4.6}{Example: Clifford circuits}{section.4}% 25
