\BOOKMARK [0][-]{chapter.1}{On Quantum Obfuscation}{}% 1
\BOOKMARK [1][-]{section.1.1}{Introduction}{chapter.1}% 2
\BOOKMARK [2][-]{subsection.1.1.1}{Background}{section.1.1}% 3
\BOOKMARK [3][-]{subsubsection.1.1.1.1}{Classical obfuscation}{subsection.1.1.1}% 4
\BOOKMARK [3][-]{subsubsection.1.1.1.2}{Quantum obfuscation}{subsection.1.1.1}% 5
\BOOKMARK [3][-]{subsubsection.1.1.1.3}{Quantum encryption}{subsection.1.1.1}% 6
\BOOKMARK [2][-]{subsection.1.1.2}{Summary of results}{section.1.1}% 7
\BOOKMARK [3][-]{subsubsection.1.1.2.1}{Quantum black-box obfuscation}{subsection.1.1.2}% 8
\BOOKMARK [3][-]{subsubsection.1.1.2.2}{Quantum indistinguishability obfuscation}{subsection.1.1.2}% 9
\BOOKMARK [2][-]{subsection.1.1.3}{Notation and terminology}{section.1.1}% 10
\BOOKMARK [3][-]{subsubsection.1.1.3.1}{Classical}{subsection.1.1.3}% 11
\BOOKMARK [3][-]{subsubsection.1.1.3.2}{Quantum}{subsection.1.1.3}% 12
\BOOKMARK [1][-]{section.1.2}{Quantum encryption}{chapter.1}% 13
\BOOKMARK [1][-]{section.1.3}{Quantum black-box obfuscation}{chapter.1}% 14
\BOOKMARK [2][-]{subsection.1.3.1}{Definitions}{section.1.3}% 15
\BOOKMARK [2][-]{subsection.1.3.2}{Applications of efficient black-box obfuscators}{section.1.3}% 16
\BOOKMARK [3][-]{subsubsection.1.3.2.1}{Quantum-secure one-way functions.}{subsection.1.3.2}% 17
\BOOKMARK [3][-]{subsubsection.1.3.2.2}{Private-key encryption for long messages.}{subsection.1.3.2}% 18
\BOOKMARK [3][-]{subsubsection.1.3.2.3}{Public-key encryption from private-key encryption.}{subsection.1.3.2}% 19
\BOOKMARK [3][-]{subsubsection.1.3.2.4}{Public-key quantum money}{subsection.1.3.2}% 20
\BOOKMARK [2][-]{subsection.1.3.3}{Impossibility results}{section.1.3}% 21
\BOOKMARK [3][-]{subsubsection.1.3.3.1}{Impossibility of two-circuit obfuscation}{subsection.1.3.3}% 22
\BOOKMARK [3][-]{subsubsection.1.3.3.2}{Generalizing the impossibility result}{subsection.1.3.3}% 23
\BOOKMARK [1][-]{section.1.4}{Quantum indistinguishability obfuscation}{chapter.1}% 24
\BOOKMARK [2][-]{subsection.1.4.1}{CPTP circuits and ensembles of states}{section.1.4}% 25
\BOOKMARK [2][-]{subsection.1.4.2}{Definitions: indistinguishability, best-possible}{section.1.4}% 26
\BOOKMARK [2][-]{subsection.1.4.3}{Impossibility of statistical obfuscation}{section.1.4}% 27
\BOOKMARK [2][-]{subsection.1.4.4}{Application: quantum witness encryption}{section.1.4}% 28
\BOOKMARK [1][-]{section.1.5}{Conclusion}{chapter.1}% 29
\BOOKMARK [2][-]{subsection.1.5.1}{Open problems}{section.1.5}% 30
